2019-07-02 04:01:29 Notice: Notice (8): Array to string conversion in [/Users/sakura_yoko/Desktop/app/cms/lib/Cake/View/Helper.php, line 528]
Trace:
ErrorHandler::handleError() - CORE/Cake/Error/ErrorHandler.php, line 230
implode - [internal], line ??
Helper::_formatAttribute() - CORE/Cake/View/Helper.php, line 528
Helper::_parseAttributes() - CORE/Cake/View/Helper.php, line 506
HtmlHelper::useTag() - CORE/Cake/View/Helper/HtmlHelper.php, line 998
FormHelper::__call() - CORE/Cake/View/Helper/FormHelper.php, line 1733
include - APP/View/Account/signup.ctp, line 9
View::_evaluate() - CORE/Cake/View/View.php, line 971
View::_render() - CORE/Cake/View/View.php, line 933
View::render() - CORE/Cake/View/View.php, line 473
Controller::render() - CORE/Cake/Controller/Controller.php, line 968
Dispatcher::_invoke() - CORE/Cake/Routing/Dispatcher.php, line 200
Dispatcher::dispatch() - CORE/Cake/Routing/Dispatcher.php, line 167
[main] - APP/webroot/index.php, line 117

2019-07-02 09:28:42 Notice: Notice (8): Undefined variable: category in [/Users/sakura_yoko/Desktop/app/cms/app/View/Top/index.ctp, line 1]
Trace:
ErrorHandler::handleError() - CORE/Cake/Error/ErrorHandler.php, line 230
include - APP/View/Top/index.ctp, line 1
View::_evaluate() - CORE/Cake/View/View.php, line 971
View::_render() - CORE/Cake/View/View.php, line 933
View::render() - CORE/Cake/View/View.php, line 473
Controller::render() - CORE/Cake/Controller/Controller.php, line 968
Dispatcher::_invoke() - CORE/Cake/Routing/Dispatcher.php, line 200
Dispatcher::dispatch() - CORE/Cake/Routing/Dispatcher.php, line 167
[main] - APP/webroot/index.php, line 117

2019-07-02 12:05:18 Notice: Notice (8): Undefined index: Article in [/Users/sakura_yoko/Desktop/app/cms/app/View/Account/setting.ctp, line 7]
Trace:
ErrorHandler::handleError() - CORE/Cake/Error/ErrorHandler.php, line 230
include - APP/View/Account/setting.ctp, line 7
View::_evaluate() - CORE/Cake/View/View.php, line 971
View::_render() - CORE/Cake/View/View.php, line 933
View::render() - CORE/Cake/View/View.php, line 473
Controller::render() - CORE/Cake/Controller/Controller.php, line 968
Dispatcher::_invoke() - CORE/Cake/Routing/Dispatcher.php, line 200
Dispatcher::dispatch() - CORE/Cake/Routing/Dispatcher.php, line 167
[main] - APP/webroot/index.php, line 117

2019-07-02 12:05:39 Notice: Notice (8): Undefined index: name in [/Users/sakura_yoko/Desktop/app/cms/app/View/Account/setting.ctp, line 7]
Trace:
ErrorHandler::handleError() - CORE/Cake/Error/ErrorHandler.php, line 230
include - APP/View/Account/setting.ctp, line 7
View::_evaluate() - CORE/Cake/View/View.php, line 971
View::_render() - CORE/Cake/View/View.php, line 933
View::render() - CORE/Cake/View/View.php, line 473
Controller::render() - CORE/Cake/Controller/Controller.php, line 968
Dispatcher::_invoke() - CORE/Cake/Routing/Dispatcher.php, line 200
Dispatcher::dispatch() - CORE/Cake/Routing/Dispatcher.php, line 167
[main] - APP/webroot/index.php, line 117

